<?xml version="1.0" encoding="UTF-8"?>
<testng-results ignored="0" total="1" passed="1" failed="0" skipped="0">
  <reporter-output>
    <line>
      <![CDATA[titles are matching]]>
    </line>
  </reporter-output>
  <suite started-at="2024-12-28T16:19:28 IST" name="Suite" finished-at="2024-12-28T16:19:54 IST" duration-ms="25801">
    <groups>
    </groups>
    <test started-at="2024-12-28T16:19:28 IST" name="Test" finished-at="2024-12-28T16:19:54 IST" duration-ms="25801">
      <class name="testcases.TC_Login">
        <test-method is-config="true" signature="setup()[pri:0, instance:testcases.TC_Login@33065d67]" started-at="2024-12-28T16:19:28 IST" name="setup" finished-at="2024-12-28T16:19:39 IST" duration-ms="10505" status="PASS">
          <reporter-output>
          </reporter-output>
        </test-method> <!-- setup -->
        <test-method signature="login()[pri:0, instance:testcases.TC_Login@33065d67]" started-at="2024-12-28T16:19:39 IST" name="login" finished-at="2024-12-28T16:19:54 IST" duration-ms="14857" status="PASS">
          <reporter-output>
            <line>
              <![CDATA[titles are matching]]>
            </line>
          </reporter-output>
        </test-method> <!-- login -->
        <test-method is-config="true" signature="teardown()[pri:0, instance:testcases.TC_Login@33065d67]" started-at="2024-12-28T16:19:54 IST" name="teardown" finished-at="2024-12-28T16:19:54 IST" duration-ms="386" status="PASS">
          <reporter-output>
          </reporter-output>
        </test-method> <!-- teardown -->
      </class> <!-- testcases.TC_Login -->
    </test> <!-- Test -->
  </suite> <!-- Suite -->
</testng-results>
