<?xml version="1.0" encoding="UTF-8"?>
<!-- Generated by org.testng.reporters.JUnitReportReporter -->
<testsuite hostname="DESKTOP-56C0EHH" failures="0" tests="1" name="testcases.TC_Login" time="14.857" errors="0" timestamp="2024-12-28T16:19:54 IST" skipped="0">
  <testcase classname="testcases.TC_Login" name="login" time="14.857">
    <system-out>
      <![CDATA[titles are matching]]>
    </system-out>
  </testcase> <!-- login -->
  <system-out>
    <![CDATA[titles are matching]]>
  </system-out>
</testsuite> <!-- testcases.TC_Login -->
